Using pre-set license
Built from '2020.3/staging' branch; Version is '2020.3.11f1 (99c7afb366b3) revision 10078127'; Using compiler version '192528614'; Build Type 'Release'
OS: 'Windows 10 Home; OS build 19042.1165; Version 2009; 64bit' Language: 'en' Physical Memory: 15839 MB
BatchMode: 1, IsHumanControllingUs: 0, StartBugReporterOnCrash: 0, Is64bit: 1, IsPro: 0

 COMMAND LINE ARGUMENTS:
C:\Program Files\Unity\Hub\Editor\2020.3.11f1\Editor\Unity.exe
-adb2
-batchMode
-noUpm
-name
AssetImportWorker1
-projectPath
D:/ART/Design Consulting Work/POC - Unity/POC Renderer
-logFile
Logs/AssetImportWorker1.log
-srvPort
60777
Successfully changed project path to: D:/ART/Design Consulting Work/POC - Unity/POC Renderer
D:/ART/Design Consulting Work/POC - Unity/POC Renderer
Using Asset Import Pipeline V2.
Refreshing native plugins compatible for Editor in 63.96 ms, found 2 plugins.
Preloading 0 native plugins for Editor in 0.00 ms.
Initialize engine version: 2020.3.11f1 (99c7afb366b3)
[Subsystems] Discovering subsystems at path C:/Program Files/Unity/Hub/Editor/2020.3.11f1/Editor/Data/Resources/UnitySubsystems
[Subsystems] Discovering subsystems at path D:/ART/Design Consulting Work/POC - Unity/POC Renderer/Assets
GfxDevice: creating device client; threaded=0
Direct3D:
    Version:  Direct3D 11.0 [level 11.1]
    Renderer: AMD Radeon R5 Graphics (ID=0x9874)
    Vendor:   
    VRAM:     7919 MB
    Driver:   27.20.1034.6
Initialize mono
Mono path[0] = 'C:/Program Files/Unity/Hub/Editor/2020.3.11f1/Editor/Data/Managed'
Mono path[1] = 'C:/Program Files/Unity/Hub/Editor/2020.3.11f1/Editor/Data/MonoBleedingEdge/lib/mono/unityjit'
Mono config path = 'C:/Program Files/Unity/Hub/Editor/2020.3.11f1/Editor/Data/MonoBleedingEdge/etc'
Using monoOptions --debugger-agent=transport=dt_socket,embedding=1,server=y,suspend=n,address=127.0.0.1:56668
Begin MonoManager ReloadAssembly
Registering precompiled unity dll's ...
Register platform support module: C:/Program Files/Unity/Hub/Editor/2020.3.11f1/Editor/Data/PlaybackEngines/WindowsStandaloneSupport/UnityEditor.WindowsStandalone.Extensions.dll
Registered in 0.007477 seconds.
Native extension for WindowsStandalone target not found
Refreshing native plugins compatible for Editor in 62.21 ms, found 2 plugins.
Preloading 0 native plugins for Editor in 0.00 ms.
Mono: successfully reloaded assembly
- Completed reload, in  3.176 seconds
Platform modules already initialized, skipping
Registering precompiled user dll's ...
Registered in 0.010304 seconds.
Begin MonoManager ReloadAssembly
Native extension for WindowsStandalone target not found
Refreshing native plugins compatible for Editor in 1.03 ms, found 2 plugins.
Preloading 0 native plugins for Editor in 0.00 ms.
Mono: successfully reloaded assembly
- Completed reload, in  2.595 seconds
Platform modules already initialized, skipping
========================================================================
Worker process is ready to serve import requests
Launched and connected shader compiler UnityShaderCompiler.exe after 0.13 seconds
Refreshing native plugins compatible for Editor in 0.75 ms, found 2 plugins.
Preloading 0 native plugins for Editor in 0.00 ms.
Unloading 1393 Unused Serialized files (Serialized files now loaded: 0)
System memory in use before: 65.1 MB.
System memory in use after: 65.1 MB.

Unloading 19 unused Assets to reduce memory usage. Loaded Objects now: 1827.
Total: 4.380900 ms (FindLiveObjects: 0.419800 ms CreateObjectMapping: 0.096100 ms MarkObjects: 3.625200 ms  DeleteObjects: 0.237700 ms)

========================================================================
Received Prepare
Registering precompiled user dll's ...
Registered in 0.029726 seconds.
Begin MonoManager ReloadAssembly
Native extension for WindowsStandalone target not found
Refreshing native plugins compatible for Editor in 0.93 ms, found 2 plugins.
Preloading 0 native plugins for Editor in 0.00 ms.
Mono: successfully reloaded assembly
- Completed reload, in  4.558 seconds
Platform modules already initialized, skipping
Refreshing native plugins compatible for Editor in 1.38 ms, found 2 plugins.
Preloading 0 native plugins for Editor in 0.00 ms.
Unloading 1388 Unused Serialized files (Serialized files now loaded: 0)
System memory in use before: 65.0 MB.
System memory in use after: 65.1 MB.

Unloading 14 unused Assets to reduce memory usage. Loaded Objects now: 1830.
Total: 7.207300 ms (FindLiveObjects: 0.657200 ms CreateObjectMapping: 0.314900 ms MarkObjects: 6.058600 ms  DeleteObjects: 0.173300 ms)

========================================================================
Received Import Request.
  path: Assets/Snapshots/snap_1080x1080_2021-08-26_19-33-03.png
  artifactKey: Guid(ff485ac019a5c28449f0406a19090882) Importer(815301076,1909f56bfc062723c751e8b465ee728b)
Start importing Assets/Snapshots/snap_1080x1080_2021-08-26_19-33-03.png using Guid(ff485ac019a5c28449f0406a19090882) Importer(815301076,1909f56bfc062723c751e8b465ee728b)  -> (artifact id: '85e5dadebdab441273f8ec1e08674f74') in 1.221909 seconds
  Import took 1.232841 seconds .

========================================================================
Received Import Request.
  Time since last request: 0.000672 seconds.
  path: Assets/Snapshots/snap_1080x1080_2021-08-26_19-33-19.png
  artifactKey: Guid(1a62265244d797d489c1e28039c174a3) Importer(815301076,1909f56bfc062723c751e8b465ee728b)
Start importing Assets/Snapshots/snap_1080x1080_2021-08-26_19-33-19.png using Guid(1a62265244d797d489c1e28039c174a3) Importer(815301076,1909f56bfc062723c751e8b465ee728b)  -> (artifact id: '821589dd5e5e959bc45350f20f4f00d6') in 0.026300 seconds
  Import took 0.032421 seconds .

========================================================================
Received Import Request.
  Time since last request: 0.001128 seconds.
  path: Assets/Snapshots/snap_1080x1080_2021-08-26_19-33-14.png
  artifactKey: Guid(e0e96464e20c33e438c36119937e5b18) Importer(815301076,1909f56bfc062723c751e8b465ee728b)
Start importing Assets/Snapshots/snap_1080x1080_2021-08-26_19-33-14.png using Guid(e0e96464e20c33e438c36119937e5b18) Importer(815301076,1909f56bfc062723c751e8b465ee728b)  -> (artifact id: '8a602e12f5825cf98890879983181a64') in 0.026469 seconds
  Import took 0.210296 seconds .

========================================================================
Received Import Request.
  Time since last request: 0.000680 seconds.
  path: Assets/Snapshots/snap_1080x1080_2021-08-26_19-33-08.png
  artifactKey: Guid(24f20b988e599504ab2e41d48e573b94) Importer(815301076,1909f56bfc062723c751e8b465ee728b)
Start importing Assets/Snapshots/snap_1080x1080_2021-08-26_19-33-08.png using Guid(24f20b988e599504ab2e41d48e573b94) Importer(815301076,1909f56bfc062723c751e8b465ee728b)  -> (artifact id: '2043c6c660ce788ea86d6895be44e4fe') in 0.025548 seconds
  Import took 0.113146 seconds .

========================================================================
Received Import Request.
  Time since last request: 0.145887 seconds.
  path: Assets/Snapshots/snap_1080x1080_2021-08-26_19-33-08.png
  artifactKey: Guid(24f20b988e599504ab2e41d48e573b94) Importer(815301076,1909f56bfc062723c751e8b465ee728b)
Start importing Assets/Snapshots/snap_1080x1080_2021-08-26_19-33-08.png using Guid(24f20b988e599504ab2e41d48e573b94) Importer(815301076,1909f56bfc062723c751e8b465ee728b)  -> (artifact id: '2043c6c660ce788ea86d6895be44e4fe') in 0.023055 seconds
  Import took 0.028555 seconds .

AssetImportWorkerClient::OnTransportError - code=2 error=End of file
