Using pre-set license
Built from '2020.3/staging' branch; Version is '2020.3.11f1 (99c7afb366b3) revision 10078127'; Using compiler version '192528614'; Build Type 'Release'
OS: 'Windows 10 Home; OS build 19042.1165; Version 2009; 64bit' Language: 'en' Physical Memory: 15839 MB
BatchMode: 1, IsHumanControllingUs: 0, StartBugReporterOnCrash: 0, Is64bit: 1, IsPro: 0

 COMMAND LINE ARGUMENTS:
C:\Program Files\Unity\Hub\Editor\2020.3.11f1\Editor\Unity.exe
-adb2
-batchMode
-noUpm
-name
AssetImportWorker0
-projectPath
D:/ART/Design Consulting Work/POC - Unity/Renderer/POC Renderer
-logFile
Logs/AssetImportWorker0.log
-srvPort
55684
Successfully changed project path to: D:/ART/Design Consulting Work/POC - Unity/Renderer/POC Renderer
D:/ART/Design Consulting Work/POC - Unity/Renderer/POC Renderer
Using Asset Import Pipeline V2.
Refreshing native plugins compatible for Editor in 108.36 ms, found 2 plugins.
Preloading 0 native plugins for Editor in 0.00 ms.
Initialize engine version: 2020.3.11f1 (99c7afb366b3)
[Subsystems] Discovering subsystems at path C:/Program Files/Unity/Hub/Editor/2020.3.11f1/Editor/Data/Resources/UnitySubsystems
[Subsystems] Discovering subsystems at path D:/ART/Design Consulting Work/POC - Unity/Renderer/POC Renderer/Assets
GfxDevice: creating device client; threaded=0
Direct3D:
    Version:  Direct3D 11.0 [level 11.1]
    Renderer: AMD Radeon R5 Graphics (ID=0x9874)
    Vendor:   
    VRAM:     7919 MB
    Driver:   27.20.1034.6
Initialize mono
Mono path[0] = 'C:/Program Files/Unity/Hub/Editor/2020.3.11f1/Editor/Data/Managed'
Mono path[1] = 'C:/Program Files/Unity/Hub/Editor/2020.3.11f1/Editor/Data/MonoBleedingEdge/lib/mono/unityjit'
Mono config path = 'C:/Program Files/Unity/Hub/Editor/2020.3.11f1/Editor/Data/MonoBleedingEdge/etc'
Using monoOptions --debugger-agent=transport=dt_socket,embedding=1,server=y,suspend=n,address=127.0.0.1:56780
Begin MonoManager ReloadAssembly
Registering precompiled unity dll's ...
Register platform support module: C:/Program Files/Unity/Hub/Editor/2020.3.11f1/Editor/Data/PlaybackEngines/WindowsStandaloneSupport/UnityEditor.WindowsStandalone.Extensions.dll
Registered in 0.007713 seconds.
Native extension for WindowsStandalone target not found
Refreshing native plugins compatible for Editor in 82.22 ms, found 2 plugins.
Preloading 0 native plugins for Editor in 0.00 ms.
Mono: successfully reloaded assembly
- Completed reload, in  6.159 seconds
Platform modules already initialized, skipping
Registering precompiled user dll's ...
Registered in 0.011386 seconds.
Begin MonoManager ReloadAssembly
Native extension for WindowsStandalone target not found
Refreshing native plugins compatible for Editor in 0.84 ms, found 2 plugins.
Preloading 0 native plugins for Editor in 0.00 ms.
Mono: successfully reloaded assembly
- Completed reload, in  3.446 seconds
Platform modules already initialized, skipping
========================================================================
Worker process is ready to serve import requests
Launched and connected shader compiler UnityShaderCompiler.exe after 0.18 seconds
Refreshing native plugins compatible for Editor in 0.81 ms, found 2 plugins.
Preloading 0 native plugins for Editor in 0.00 ms.
Unloading 1408 Unused Serialized files (Serialized files now loaded: 0)
System memory in use before: 67.4 MB.
System memory in use after: 67.5 MB.

Unloading 19 unused Assets to reduce memory usage. Loaded Objects now: 1842.
Total: 5.862800 ms (FindLiveObjects: 0.453600 ms CreateObjectMapping: 0.128700 ms MarkObjects: 5.001800 ms  DeleteObjects: 0.274700 ms)

========================================================================
Received Import Request.
  path: Assets/UI/MatGroupsDrop.cs
  artifactKey: Guid(c2993cc27d8d75b4cb52acc7d1fa2ba1) Importer(815301076,1909f56bfc062723c751e8b465ee728b)
Start importing Assets/UI/MatGroupsDrop.cs using Guid(c2993cc27d8d75b4cb52acc7d1fa2ba1) Importer(815301076,1909f56bfc062723c751e8b465ee728b)  -> (artifact id: 'b6e089dcabdf5b47b9f15df6eb4bf1d0') in 1.340716 seconds
  Import took 1.682760 seconds .

========================================================================
Received Prepare
Registering precompiled user dll's ...
Registered in 0.031236 seconds.
Begin MonoManager ReloadAssembly
Native extension for WindowsStandalone target not found
Refreshing native plugins compatible for Editor in 2.09 ms, found 2 plugins.
Preloading 0 native plugins for Editor in 0.00 ms.
Mono: successfully reloaded assembly
- Completed reload, in  7.601 seconds
Platform modules already initialized, skipping
Refreshing native plugins compatible for Editor in 1.83 ms, found 2 plugins.
Preloading 0 native plugins for Editor in 0.00 ms.
Unloading 1390 Unused Serialized files (Serialized files now loaded: 0)
System memory in use before: 66.1 MB.
System memory in use after: 66.2 MB.

Unloading 14 unused Assets to reduce memory usage. Loaded Objects now: 1845.
Total: 12.415500 ms (FindLiveObjects: 2.035300 ms CreateObjectMapping: 0.510500 ms MarkObjects: 8.940600 ms  DeleteObjects: 0.919000 ms)

========================================================================
Received Prepare
Registering precompiled user dll's ...
Registered in 0.011460 seconds.
Begin MonoManager ReloadAssembly
Native extension for WindowsStandalone target not found
Refreshing native plugins compatible for Editor in 0.87 ms, found 2 plugins.
Preloading 0 native plugins for Editor in 0.00 ms.
Mono: successfully reloaded assembly
- Completed reload, in  2.519 seconds
Platform modules already initialized, skipping
Refreshing native plugins compatible for Editor in 0.69 ms, found 2 plugins.
Preloading 0 native plugins for Editor in 0.00 ms.
Unloading 1390 Unused Serialized files (Serialized files now loaded: 0)
System memory in use before: 66.1 MB.
System memory in use after: 66.2 MB.

Unloading 14 unused Assets to reduce memory usage. Loaded Objects now: 1848.
Total: 4.655900 ms (FindLiveObjects: 0.365500 ms CreateObjectMapping: 0.214600 ms MarkObjects: 3.951700 ms  DeleteObjects: 0.120800 ms)

========================================================================
Received Prepare
Registering precompiled user dll's ...
Registered in 0.017055 seconds.
Begin MonoManager ReloadAssembly
Native extension for WindowsStandalone target not found
Refreshing native plugins compatible for Editor in 0.75 ms, found 2 plugins.
Preloading 0 native plugins for Editor in 0.00 ms.
Mono: successfully reloaded assembly
- Completed reload, in  2.624 seconds
Platform modules already initialized, skipping
Refreshing native plugins compatible for Editor in 0.78 ms, found 2 plugins.
Preloading 0 native plugins for Editor in 0.00 ms.
Unloading 1390 Unused Serialized files (Serialized files now loaded: 0)
System memory in use before: 66.1 MB.
System memory in use after: 66.2 MB.

Unloading 14 unused Assets to reduce memory usage. Loaded Objects now: 1851.
Total: 5.714000 ms (FindLiveObjects: 0.429600 ms CreateObjectMapping: 0.114700 ms MarkObjects: 5.011300 ms  DeleteObjects: 0.154800 ms)

========================================================================
Received Prepare
Registering precompiled user dll's ...
Registered in 0.017093 seconds.
Begin MonoManager ReloadAssembly
Native extension for WindowsStandalone target not found
Refreshing native plugins compatible for Editor in 0.81 ms, found 2 plugins.
Preloading 0 native plugins for Editor in 0.00 ms.
Mono: successfully reloaded assembly
- Completed reload, in  3.129 seconds
Platform modules already initialized, skipping
Refreshing native plugins compatible for Editor in 0.71 ms, found 2 plugins.
Preloading 0 native plugins for Editor in 0.00 ms.
Unloading 1390 Unused Serialized files (Serialized files now loaded: 0)
System memory in use before: 66.1 MB.
System memory in use after: 66.2 MB.

Unloading 14 unused Assets to reduce memory usage. Loaded Objects now: 1854.
Total: 6.103800 ms (FindLiveObjects: 0.436800 ms CreateObjectMapping: 0.118400 ms MarkObjects: 5.291700 ms  DeleteObjects: 0.253900 ms)

========================================================================
Received Prepare
Registering precompiled user dll's ...
Registered in 0.012154 seconds.
Begin MonoManager ReloadAssembly
Native extension for WindowsStandalone target not found
Refreshing native plugins compatible for Editor in 0.77 ms, found 2 plugins.
Preloading 0 native plugins for Editor in 0.00 ms.
Mono: successfully reloaded assembly
- Completed reload, in  2.542 seconds
Platform modules already initialized, skipping
Refreshing native plugins compatible for Editor in 0.87 ms, found 2 plugins.
Preloading 0 native plugins for Editor in 0.00 ms.
Unloading 1390 Unused Serialized files (Serialized files now loaded: 0)
System memory in use before: 66.2 MB.
System memory in use after: 66.2 MB.

Unloading 14 unused Assets to reduce memory usage. Loaded Objects now: 1857.
Total: 4.380700 ms (FindLiveObjects: 0.344900 ms CreateObjectMapping: 0.124600 ms MarkObjects: 3.779900 ms  DeleteObjects: 0.127800 ms)

========================================================================
Received Prepare
Registering precompiled user dll's ...
Registered in 0.012147 seconds.
Begin MonoManager ReloadAssembly
Native extension for WindowsStandalone target not found
Refreshing native plugins compatible for Editor in 0.84 ms, found 2 plugins.
Preloading 0 native plugins for Editor in 0.00 ms.
Mono: successfully reloaded assembly
- Completed reload, in  3.180 seconds
Platform modules already initialized, skipping
Refreshing native plugins compatible for Editor in 0.78 ms, found 2 plugins.
Preloading 0 native plugins for Editor in 0.00 ms.
Unloading 1390 Unused Serialized files (Serialized files now loaded: 0)
System memory in use before: 66.2 MB.
System memory in use after: 66.2 MB.

Unloading 14 unused Assets to reduce memory usage. Loaded Objects now: 1860.
Total: 5.416300 ms (FindLiveObjects: 0.454800 ms CreateObjectMapping: 0.121000 ms MarkObjects: 4.692800 ms  DeleteObjects: 0.144500 ms)

========================================================================
Received Prepare
Registering precompiled user dll's ...
Registered in 0.010366 seconds.
Begin MonoManager ReloadAssembly
Native extension for WindowsStandalone target not found
Refreshing native plugins compatible for Editor in 0.93 ms, found 2 plugins.
Preloading 0 native plugins for Editor in 0.00 ms.
Mono: successfully reloaded assembly
- Completed reload, in  3.314 seconds
Platform modules already initialized, skipping
Refreshing native plugins compatible for Editor in 1.42 ms, found 2 plugins.
Preloading 0 native plugins for Editor in 0.00 ms.
Unloading 1390 Unused Serialized files (Serialized files now loaded: 0)
System memory in use before: 66.2 MB.
System memory in use after: 66.2 MB.

Unloading 14 unused Assets to reduce memory usage. Loaded Objects now: 1863.
Total: 6.532900 ms (FindLiveObjects: 1.302700 ms CreateObjectMapping: 0.695700 ms MarkObjects: 4.392100 ms  DeleteObjects: 0.138100 ms)

========================================================================
Received Prepare
Registering precompiled user dll's ...
Registered in 0.018844 seconds.
Begin MonoManager ReloadAssembly
Native extension for WindowsStandalone target not found
Refreshing native plugins compatible for Editor in 0.90 ms, found 2 plugins.
Preloading 0 native plugins for Editor in 0.00 ms.
Mono: successfully reloaded assembly
- Completed reload, in  3.328 seconds
Platform modules already initialized, skipping
Refreshing native plugins compatible for Editor in 0.87 ms, found 2 plugins.
Preloading 0 native plugins for Editor in 0.00 ms.
Unloading 1390 Unused Serialized files (Serialized files now loaded: 0)
System memory in use before: 66.2 MB.
System memory in use after: 66.2 MB.

Unloading 14 unused Assets to reduce memory usage. Loaded Objects now: 1866.
Total: 5.130600 ms (FindLiveObjects: 0.472100 ms CreateObjectMapping: 0.116500 ms MarkObjects: 4.395700 ms  DeleteObjects: 0.143100 ms)

========================================================================
Received Prepare
Registering precompiled user dll's ...
Registered in 0.052113 seconds.
Begin MonoManager ReloadAssembly
Native extension for WindowsStandalone target not found
Refreshing native plugins compatible for Editor in 1.57 ms, found 2 plugins.
Preloading 0 native plugins for Editor in 0.00 ms.
Mono: successfully reloaded assembly
- Completed reload, in 11.336 seconds
Platform modules already initialized, skipping
Refreshing native plugins compatible for Editor in 1.34 ms, found 2 plugins.
Preloading 0 native plugins for Editor in 0.00 ms.
Unloading 1390 Unused Serialized files (Serialized files now loaded: 0)
System memory in use before: 66.2 MB.
System memory in use after: 66.3 MB.

Unloading 14 unused Assets to reduce memory usage. Loaded Objects now: 1869.
Total: 8.913500 ms (FindLiveObjects: 0.687000 ms CreateObjectMapping: 0.519400 ms MarkObjects: 7.529600 ms  DeleteObjects: 0.172200 ms)

========================================================================
Received Prepare
Registering precompiled user dll's ...
Registered in 0.013389 seconds.
Begin MonoManager ReloadAssembly
Native extension for WindowsStandalone target not found
Refreshing native plugins compatible for Editor in 0.79 ms, found 2 plugins.
Preloading 0 native plugins for Editor in 0.00 ms.
Mono: successfully reloaded assembly
- Completed reload, in  3.282 seconds
Platform modules already initialized, skipping
Refreshing native plugins compatible for Editor in 0.80 ms, found 2 plugins.
Preloading 0 native plugins for Editor in 0.00 ms.
Unloading 1390 Unused Serialized files (Serialized files now loaded: 0)
System memory in use before: 66.2 MB.
System memory in use after: 66.3 MB.

Unloading 14 unused Assets to reduce memory usage. Loaded Objects now: 1872.
Total: 5.650100 ms (FindLiveObjects: 0.455400 ms CreateObjectMapping: 0.167700 ms MarkObjects: 4.865500 ms  DeleteObjects: 0.159100 ms)

========================================================================
Received Import Request.
  Time since last request: 2149.240564 seconds.
  path: Assets/UI/MatGroupsDrop.cs
  artifactKey: Guid(c2993cc27d8d75b4cb52acc7d1fa2ba1) Importer(815301076,1909f56bfc062723c751e8b465ee728b)
Start importing Assets/UI/MatGroupsDrop.cs using Guid(c2993cc27d8d75b4cb52acc7d1fa2ba1) Importer(815301076,1909f56bfc062723c751e8b465ee728b)  -> (artifact id: '7bd7672f5daaf0d45a55ec20ce73cd2a') in 0.012997 seconds
  Import took 0.018879 seconds .

========================================================================
Received Import Request.
  Time since last request: 0.000615 seconds.
  path: Assets/UI/Cube_Obj.prefab
  artifactKey: Guid(106ec5e779aa7ac4e8a60226896940ed) Importer(815301076,1909f56bfc062723c751e8b465ee728b)
Start importing Assets/UI/Cube_Obj.prefab using Guid(106ec5e779aa7ac4e8a60226896940ed) Importer(815301076,1909f56bfc062723c751e8b465ee728b)  -> (artifact id: '7c962a47b06f656a8d921b9da66a73d6') in 0.466802 seconds
  Import took 0.472398 seconds .

========================================================================
Received Prepare
Registering precompiled user dll's ...
Registered in 0.014193 seconds.
Begin MonoManager ReloadAssembly
Native extension for WindowsStandalone target not found
Refreshing native plugins compatible for Editor in 1.61 ms, found 2 plugins.
Preloading 0 native plugins for Editor in 0.00 ms.
Mono: successfully reloaded assembly
- Completed reload, in  3.709 seconds
Platform modules already initialized, skipping
Refreshing native plugins compatible for Editor in 0.72 ms, found 2 plugins.
Preloading 0 native plugins for Editor in 0.00 ms.
Unloading 1390 Unused Serialized files (Serialized files now loaded: 0)
System memory in use before: 69.3 MB.
System memory in use after: 69.4 MB.

Unloading 15 unused Assets to reduce memory usage. Loaded Objects now: 1883.
Total: 4.839800 ms (FindLiveObjects: 0.398200 ms CreateObjectMapping: 0.139900 ms MarkObjects: 4.164500 ms  DeleteObjects: 0.133500 ms)

========================================================================
Received Import Request.
  Time since last request: 395.182194 seconds.
  path: Assets/UI/Cube_Obj 1.prefab
  artifactKey: Guid(d6329512d89f7684b98285bb7e6bb13c) Importer(815301076,1909f56bfc062723c751e8b465ee728b)
Start importing Assets/UI/Cube_Obj 1.prefab using Guid(d6329512d89f7684b98285bb7e6bb13c) Importer(815301076,1909f56bfc062723c751e8b465ee728b)  -> (artifact id: '0d5cead5576449ec6eb31fb079e465dc') in 0.145264 seconds
  Import took 0.151550 seconds .

========================================================================
Received Prepare
Registering precompiled user dll's ...
Registered in 0.021286 seconds.
Begin MonoManager ReloadAssembly
Native extension for WindowsStandalone target not found
Refreshing native plugins compatible for Editor in 0.87 ms, found 2 plugins.
Preloading 0 native plugins for Editor in 0.00 ms.
Mono: successfully reloaded assembly
- Completed reload, in  5.563 seconds
Platform modules already initialized, skipping
Refreshing native plugins compatible for Editor in 1.46 ms, found 2 plugins.
Preloading 0 native plugins for Editor in 0.00 ms.
Unloading 1390 Unused Serialized files (Serialized files now loaded: 0)
System memory in use before: 69.3 MB.
System memory in use after: 69.4 MB.

Unloading 14 unused Assets to reduce memory usage. Loaded Objects now: 1887.
Total: 11.667900 ms (FindLiveObjects: 5.338900 ms CreateObjectMapping: 0.167900 ms MarkObjects: 5.910100 ms  DeleteObjects: 0.244000 ms)

========================================================================
Received Prepare
Registering precompiled user dll's ...
Registered in 0.011422 seconds.
Begin MonoManager ReloadAssembly
Native extension for WindowsStandalone target not found
Refreshing native plugins compatible for Editor in 0.88 ms, found 2 plugins.
Preloading 0 native plugins for Editor in 0.00 ms.
Mono: successfully reloaded assembly
- Completed reload, in  2.864 seconds
Platform modules already initialized, skipping
Refreshing native plugins compatible for Editor in 0.85 ms, found 2 plugins.
Preloading 0 native plugins for Editor in 0.00 ms.
Unloading 1390 Unused Serialized files (Serialized files now loaded: 0)
System memory in use before: 69.3 MB.
System memory in use after: 69.4 MB.

Unloading 14 unused Assets to reduce memory usage. Loaded Objects now: 1890.
Total: 4.261800 ms (FindLiveObjects: 0.392200 ms CreateObjectMapping: 0.102000 ms MarkObjects: 3.636200 ms  DeleteObjects: 0.127800 ms)

========================================================================
Received Import Request.
  Time since last request: 315.133901 seconds.
  path: Assets/UI/Cube_Obj.prefab
  artifactKey: Guid(106ec5e779aa7ac4e8a60226896940ed) Importer(815301076,1909f56bfc062723c751e8b465ee728b)
Start importing Assets/UI/Cube_Obj.prefab using Guid(106ec5e779aa7ac4e8a60226896940ed) Importer(815301076,1909f56bfc062723c751e8b465ee728b)  -> (artifact id: '8d78d8dbad4a74e150ac1024c461b5f4') in 0.141823 seconds
  Import took 0.184070 seconds .

========================================================================
Received Prepare
Registering precompiled user dll's ...
Registered in 0.011902 seconds.
Begin MonoManager ReloadAssembly
Native extension for WindowsStandalone target not found
Refreshing native plugins compatible for Editor in 0.78 ms, found 2 plugins.
Preloading 0 native plugins for Editor in 0.00 ms.
Mono: successfully reloaded assembly
- Completed reload, in  2.801 seconds
Platform modules already initialized, skipping
Refreshing native plugins compatible for Editor in 0.71 ms, found 2 plugins.
Preloading 0 native plugins for Editor in 0.00 ms.
Unloading 1390 Unused Serialized files (Serialized files now loaded: 0)
System memory in use before: 69.3 MB.
System memory in use after: 69.4 MB.

Unloading 14 unused Assets to reduce memory usage. Loaded Objects now: 1894.
Total: 5.190400 ms (FindLiveObjects: 0.448900 ms CreateObjectMapping: 0.165200 ms MarkObjects: 4.292100 ms  DeleteObjects: 0.281400 ms)

========================================================================
Received Prepare
Registering precompiled user dll's ...
Registered in 0.020888 seconds.
Begin MonoManager ReloadAssembly
Native extension for WindowsStandalone target not found
Refreshing native plugins compatible for Editor in 0.72 ms, found 2 plugins.
Preloading 0 native plugins for Editor in 0.00 ms.
Mono: successfully reloaded assembly
- Completed reload, in  2.780 seconds
Platform modules already initialized, skipping
Refreshing native plugins compatible for Editor in 0.87 ms, found 2 plugins.
Preloading 0 native plugins for Editor in 0.00 ms.
Unloading 1390 Unused Serialized files (Serialized files now loaded: 0)
System memory in use before: 69.3 MB.
System memory in use after: 69.4 MB.

Unloading 14 unused Assets to reduce memory usage. Loaded Objects now: 1897.
Total: 5.646200 ms (FindLiveObjects: 0.651000 ms CreateObjectMapping: 0.180000 ms MarkObjects: 4.659700 ms  DeleteObjects: 0.151600 ms)

========================================================================
Received Prepare
Registering precompiled user dll's ...
Registered in 0.010885 seconds.
Begin MonoManager ReloadAssembly
Native extension for WindowsStandalone target not found
Refreshing native plugins compatible for Editor in 0.84 ms, found 2 plugins.
Preloading 0 native plugins for Editor in 0.00 ms.
Mono: successfully reloaded assembly
- Completed reload, in  3.190 seconds
Platform modules already initialized, skipping
Refreshing native plugins compatible for Editor in 0.78 ms, found 2 plugins.
Preloading 0 native plugins for Editor in 0.00 ms.
Unloading 1390 Unused Serialized files (Serialized files now loaded: 0)
System memory in use before: 69.3 MB.
System memory in use after: 69.4 MB.

Unloading 14 unused Assets to reduce memory usage. Loaded Objects now: 1900.
Total: 7.723100 ms (FindLiveObjects: 1.688300 ms CreateObjectMapping: 0.293700 ms MarkObjects: 5.582000 ms  DeleteObjects: 0.154100 ms)

========================================================================
Received Import Request.
  Time since last request: 173.423241 seconds.
  path: Assets/UI/Cube_Obj.prefab
  artifactKey: Guid(106ec5e779aa7ac4e8a60226896940ed) Importer(815301076,1909f56bfc062723c751e8b465ee728b)
Start importing Assets/UI/Cube_Obj.prefab using Guid(106ec5e779aa7ac4e8a60226896940ed) Importer(815301076,1909f56bfc062723c751e8b465ee728b)  -> (artifact id: '105233e777d38b86e3cdedddd800affa') in 0.268458 seconds
  Import took 0.499088 seconds .

========================================================================
Received Prepare
Registering precompiled user dll's ...
Registered in 0.008686 seconds.
Begin MonoManager ReloadAssembly
Native extension for WindowsStandalone target not found
Refreshing native plugins compatible for Editor in 0.80 ms, found 2 plugins.
Preloading 0 native plugins for Editor in 0.00 ms.
Mono: successfully reloaded assembly
- Completed reload, in  2.589 seconds
Platform modules already initialized, skipping
Refreshing native plugins compatible for Editor in 0.70 ms, found 2 plugins.
Preloading 0 native plugins for Editor in 0.00 ms.
Unloading 1390 Unused Serialized files (Serialized files now loaded: 0)
System memory in use before: 69.3 MB.
System memory in use after: 69.4 MB.

Unloading 15 unused Assets to reduce memory usage. Loaded Objects now: 1904.
Total: 4.699100 ms (FindLiveObjects: 0.391700 ms CreateObjectMapping: 0.100400 ms MarkObjects: 4.009200 ms  DeleteObjects: 0.194000 ms)

========================================================================
Received Import Request.
  Time since last request: 175.555377 seconds.
  path: Assets/UI/Sphere_Obj.prefab
  artifactKey: Guid(ed7b8186d2c55cc41991e68bfaab71d6) Importer(815301076,1909f56bfc062723c751e8b465ee728b)
Start importing Assets/UI/Sphere_Obj.prefab using Guid(ed7b8186d2c55cc41991e68bfaab71d6) Importer(815301076,1909f56bfc062723c751e8b465ee728b)  -> (artifact id: '5615430f4957fe900e5b9931f02f6fb5') in 0.214406 seconds
  Import took 0.223810 seconds .

========================================================================
Received Prepare
Registering precompiled user dll's ...
Registered in 0.011360 seconds.
Begin MonoManager ReloadAssembly
Native extension for WindowsStandalone target not found
Refreshing native plugins compatible for Editor in 0.80 ms, found 2 plugins.
Preloading 0 native plugins for Editor in 0.00 ms.
Mono: successfully reloaded assembly
- Completed reload, in  3.305 seconds
Platform modules already initialized, skipping
Refreshing native plugins compatible for Editor in 1.27 ms, found 2 plugins.
Preloading 0 native plugins for Editor in 0.00 ms.
Unloading 1390 Unused Serialized files (Serialized files now loaded: 0)
System memory in use before: 69.4 MB.
System memory in use after: 69.5 MB.

Unloading 15 unused Assets to reduce memory usage. Loaded Objects now: 1909.
Total: 5.781100 ms (FindLiveObjects: 0.483700 ms CreateObjectMapping: 0.128700 ms MarkObjects: 4.996000 ms  DeleteObjects: 0.168700 ms)

========================================================================
Received Prepare
Registering precompiled user dll's ...
Registered in 0.013234 seconds.
Begin MonoManager ReloadAssembly
Native extension for WindowsStandalone target not found
Refreshing native plugins compatible for Editor in 0.92 ms, found 2 plugins.
Preloading 0 native plugins for Editor in 0.00 ms.
Mono: successfully reloaded assembly
- Completed reload, in  3.150 seconds
Platform modules already initialized, skipping
Refreshing native plugins compatible for Editor in 0.82 ms, found 2 plugins.
Preloading 0 native plugins for Editor in 0.00 ms.
Unloading 1390 Unused Serialized files (Serialized files now loaded: 0)
System memory in use before: 69.4 MB.
System memory in use after: 69.5 MB.

Unloading 14 unused Assets to reduce memory usage. Loaded Objects now: 1912.
Total: 4.952800 ms (FindLiveObjects: 0.444000 ms CreateObjectMapping: 0.122200 ms MarkObjects: 4.236800 ms  DeleteObjects: 0.146200 ms)

========================================================================
Received Prepare
Registering precompiled user dll's ...
Registered in 0.015596 seconds.
Begin MonoManager ReloadAssembly
Native extension for WindowsStandalone target not found
Refreshing native plugins compatible for Editor in 0.65 ms, found 2 plugins.
Preloading 0 native plugins for Editor in 0.00 ms.
Mono: successfully reloaded assembly
- Completed reload, in  2.963 seconds
Platform modules already initialized, skipping
Refreshing native plugins compatible for Editor in 0.89 ms, found 2 plugins.
Preloading 0 native plugins for Editor in 0.00 ms.
Unloading 1390 Unused Serialized files (Serialized files now loaded: 0)
System memory in use before: 69.4 MB.
System memory in use after: 69.5 MB.

Unloading 14 unused Assets to reduce memory usage. Loaded Objects now: 1915.
Total: 4.691900 ms (FindLiveObjects: 0.437600 ms CreateObjectMapping: 0.097500 ms MarkObjects: 4.021000 ms  DeleteObjects: 0.131700 ms)

========================================================================
Received Prepare
Registering precompiled user dll's ...
Registered in 0.014555 seconds.
Begin MonoManager ReloadAssembly
Native extension for WindowsStandalone target not found
Refreshing native plugins compatible for Editor in 0.85 ms, found 2 plugins.
Preloading 0 native plugins for Editor in 0.00 ms.
Mono: successfully reloaded assembly
- Completed reload, in  3.382 seconds
Platform modules already initialized, skipping
Refreshing native plugins compatible for Editor in 0.81 ms, found 2 plugins.
Preloading 0 native plugins for Editor in 0.00 ms.
Unloading 1390 Unused Serialized files (Serialized files now loaded: 0)
System memory in use before: 69.4 MB.
System memory in use after: 69.5 MB.

Unloading 14 unused Assets to reduce memory usage. Loaded Objects now: 1918.
Total: 5.043100 ms (FindLiveObjects: 0.477000 ms CreateObjectMapping: 0.139600 ms MarkObjects: 4.272100 ms  DeleteObjects: 0.147300 ms)

AssetImportWorkerClient::OnTransportError - code=2 error=End of file
